<?xml version="1.0" encoding="UTF-8"?>
<!-- Generated by org.testng.reporters.JUnitReportReporter -->
<testsuite hostname="DESKTOP-FIF2BTC" failures="0" tests="1" name="organizationTest.ToCreateOrgWithTypeTest" time="14.229" errors="0" timestamp="2024-08-25T17:38:57 IST" skipped="0">
  <testcase classname="organizationTest.ToCreateOrgWithTypeTest" name="toCreateOrgWithType_001" time="14.229"/>
  <system-out/>
</testsuite> <!-- organizationTest.ToCreateOrgWithTypeTest -->
