<?xml version="1.0" encoding="UTF-8"?>
<!-- Generated by org.testng.reporters.JUnitReportReporter -->
<testsuite hostname="DESKTOP-FIF2BTC" failures="0" tests="1" name="organizationTest.ToCreateOrgWithIndustryTest" time="13.507" errors="0" timestamp="2024-08-25T17:38:57 IST" skipped="0">
  <testcase classname="organizationTest.ToCreateOrgWithIndustryTest" name="toCreateOrgWithIndustry_001" time="13.507"/>
  <system-out/>
</testsuite> <!-- organizationTest.ToCreateOrgWithIndustryTest -->
