<?xml version="1.0" encoding="UTF-8"?>
<!-- Generated by org.testng.reporters.JUnitReportReporter -->
<testsuite hostname="DESKTOP-FIF2BTC" failures="0" tests="1" name="organizationTest.ToCreateOrganizationTest" time="10.962" errors="0" timestamp="2024-08-25T18:27:27 IST" skipped="0">
  <testcase classname="organizationTest.ToCreateOrganizationTest" name="toCreateOrganization_001" time="10.962"/>
  <system-out/>
</testsuite> <!-- organizationTest.ToCreateOrganizationTest -->
